TN:
SF:src\presentation\routers\login-router.ts
FN:8,LoginRouter
FN:12,route
FNF:2
FNH:2
FNDA:4,LoginRouter
FNDA:4,route
DA:1,1
DA:2,1
DA:3,1
DA:4,1
DA:5,1
DA:6,1
DA:7,1
DA:8,1
DA:9,4
DA:10,4
DA:11,1
DA:12,1
DA:13,4
DA:14,4
DA:15,4
DA:16,1
DA:17,4
DA:18,1
DA:19,1
DA:20,2
DA:21,2
DA:22,2
DA:23,2
DA:24,1
LF:24
LH:24
BRDA:8,0,0,4
BRDA:12,1,0,4
BRDA:15,2,0,1
BRDA:17,3,0,3
BRDA:17,4,0,1
BRDA:19,5,0,2
BRF:6
BRH:6
end_of_record
TN:
SF:src\shared\response.ts
FN:8,badRequest
FN:18,serverError
FN:27,unauthorizedError
FNF:3
FNH:2
FNDA:2,badRequest
FNDA:0,serverError
FNDA:2,unauthorizedError
DA:1,1
DA:2,1
DA:3,1
DA:4,1
DA:5,1
DA:6,1
DA:7,1
DA:8,1
DA:9,2
DA:10,2
DA:11,2
DA:12,2
DA:13,2
DA:14,1
DA:15,1
DA:16,1
DA:17,1
DA:18,1
DA:19,0
DA:20,0
DA:21,0
DA:22,0
DA:23,1
DA:24,1
DA:25,1
DA:26,1
DA:27,1
DA:28,2
DA:29,2
DA:30,2
DA:31,2
DA:32,2
DA:33,1
LF:33
LH:29
BRDA:8,0,0,2
BRDA:27,1,0,2
BRF:2
BRH:2
end_of_record
TN:
SF:src\usecases\auth\index.ts
FN:5,auth
FNF:1
FNH:1
FNDA:2,auth
DA:1,1
DA:2,1
DA:3,1
DA:4,1
DA:5,1
DA:6,2
DA:7,2
DA:8,2
DA:9,1
LF:9
LH:9
BRDA:5,0,0,2
BRF:1
BRH:1
end_of_record
TN:
SF:src\usecases\errors\missing-param.ts
FN:2,MissingParamError
FNF:1
FNH:1
FNDA:4,MissingParamError
DA:1,1
DA:2,1
DA:3,4
DA:4,4
DA:5,4
DA:6,1
LF:6
LH:6
BRDA:2,0,0,4
BRF:1
BRH:1
end_of_record
TN:
SF:src\usecases\errors\unauthorized.ts
FN:2,UnauthorizedError
FNF:1
FNH:1
FNDA:3,UnauthorizedError
DA:1,1
DA:2,1
DA:3,3
DA:4,3
DA:5,3
DA:6,1
LF:6
LH:6
BRDA:2,0,0,3
BRF:1
BRH:1
end_of_record
